         w __deregister_frame_info
         w __register_frame_info
         w userAppExit
         w userAppInit
00000000 00000401 B __ctru_dev_path_buf
00000000 b _TLS_MODULE_BASE_
00000000 a shift
00000000 a shift
00000404 00000802 B __ctru_dev_utf16_buf
00100000 A __start__
00100000 T _start
00100008 T __service_ptr
0010000c T __apt_appid
00100010 T __heap_size
00100014 T __linear_heap_size
00100018 T __system_arglist
0010001c T __system_runflags
00100020 t startup
00100058 t ClearMem
0010006c t ClrLoop
00100094 T _init
001000ac T __aeabi_idiv
001000ac 00000220 T __divsi3
001000b4 t .divsi3_skip_div0_test
001002cc 00000020 T __aeabi_idivmod
001002ec 00000004 W __aeabi_idiv0
001002ec 00000004 W __aeabi_ldiv0
001002f0 T __aeabi_ldivmod
001003c4 T __aeabi_uldivmod
00100408 00000390 T strcmp
00100790 t .udivsi3_skip_div0_test
00100790 T __aeabi_uidiv
00100790 000001ec T __udivsi3
0010097c 00000020 T __aeabi_uidivmod
0010099c T __aeabi_drsub
001009a4 000002b0 T __aeabi_dsub
001009a4 000002b0 T __subdf3
001009a8 000002ac T __adddf3
001009a8 000002ac T __aeabi_dadd
00100c54 00000024 T __aeabi_ui2d
00100c54 00000024 T __floatunsidf
00100c78 00000028 T __aeabi_i2d
00100c78 00000028 T __floatsidf
00100ca0 00000048 T __aeabi_f2d
00100ca0 00000048 T __extendsfdf2
00100ce8 00000074 T __aeabi_ul2d
00100ce8 00000074 T __floatundidf
00100cfc 00000060 T __aeabi_l2d
00100cfc 00000060 T __floatdidf
00100d5c t __do_global_dtors_aux
00100d9c t frame_dummy
00100dc8 000000b8 T main
00100e80 00000018 T consoleSelect
00100e98 00000178 T consoleDrawChar
00101010 00000124 T consolePrintChar
00101134 00000a00 T con_write
00101b34 00000168 T consoleInit
00101c9c 000000f4 t newRow
00101d90 000000d0 t gfxPresentFramebuffer
00101e60 0000001c T gfxIsWide
00101e7c 000000ec T gfxSetScreenFormat
00101f68 00000010 T gfxSetDoubleBuffering
00101f78 00000108 T gfxInit
00102080 00000010 T gfxInitDefault
00102090 000000b4 T gfxExit
00102144 000000a0 T gfxGetFramebuffer
001021e4 0000010c T gfxFlushBuffers
001022f0 00000050 T gfxSwapBuffers
00102340 00000050 T gfxSwapBuffersGpu
00102390 00000c58 t gspHardwareInit
00102fe8 00000254 T gspInit
0010323c 000000f0 T gspExit
0010332c 00000010 T gspHasGpuRight
0010333c 00000098 T gspPresentBuffer
001033d4 00000050 T gspWaitForEvent
00103424 00000004 W gxCmdQueueInterrupt
00103428 00000160 t gspEventThreadMain
00103588 00000050 T GSPGPU_FlushDataCache
001035d8 00000034 T GSPGPU_SetLcdForceBlack
0010360c 00000068 T GSPGPU_AcquireRight
00103674 00000048 T GSPGPU_ReleaseRight
001036bc 0000007c T GSPGPU_ImportDisplayCaptureInfo
00103738 0000002c T GSPGPU_SaveVramSysArea
00103764 0000002c T GSPGPU_RestoreVramSysArea
00103790 000001b0 t aptConvertScreenForCapture
00103940 00000008 W aptDspSleep
00103948 00000004 W aptDspWakeup
0010394c 00000004 W aptDspCancel
00103950 0000015c T aptSendCommand
00103aac 00000038 t aptExitProcess
00103ae4 000002f0 T aptExit
00103dd4 000000d8 T aptHandleSleep
00103eac 00000084 T APT_SleepIfShellClosed
00103f30 00000084 T aptSetSleepAllowed
00103fb4 00000084 T APT_UnlockTransition
00104038 00000484 t aptEventHandler
001044bc 000000b0 T APT_ReceiveParameter
0010456c 000000b0 t aptReceiveParameter.constprop.0
00104620 000002bc t aptScreenTransfer
001048dc 000002d0 t aptWaitForWakeUp.isra.0
00104bac 000000f8 T aptJumpToHomeMenu
00104ca4 0000004c T aptMainLoop
00104cf0 00000234 T aptInit
00104f24 0000007c T APT_CheckNew3DS
00104fa0 00000024 W hidShouldUseIrrst
00104fc4 0000018c T hidInit
00105150 000000e8 T hidExit
00105238 00000294 T hidScanInput
001054cc 00000010 T hidKeysDown
001054dc 00000018 T hidTouchRead
001054f4 00000038 W __libctru_init
0010552c 000000f0 W __system_initArgv
0010561c T svcControlMemory
0010563c T svcQueryMemory
0010566c T svcExitProcess
00105674 T svcCreateThread
00105694 T svcExitThread
0010569c T svcSleepThread
001056a4 T svcReleaseMutex
001056ac T svcCreateEvent
001056c0 T svcSignalEvent
001056c8 T svcClearEvent
001056d0 T svcMapMemoryBlock
001056d8 T svcUnmapMemoryBlock
001056e0 T svcCreateAddressArbiter
001056f4 T svcArbitrateAddressNoTimeout
001056fc T svcCloseHandle
00105704 T svcWaitSynchronization
0010570c T svcWaitSynchronizationN
00105734 T svcDuplicateHandle
00105748 T svcGetSystemTick
00105750 T svcConnectToPort
00105764 T svcSendSyncRequest
0010576c T svcGetResourceLimit
00105780 T svcGetResourceLimitLimitValues
00105788 T svcGetResourceLimitCurrentValues
00105790 T svcBreak
00105798 W initSystem
001057e8 W __ctru_exit
00105800 00000024 t addrMapNodeComparator(rbtree_node const*, rbtree_node const*)
00105824 00000004 t addrMapNodeDestructor(rbtree_node*)
00105828 00000114 T vramMemAlign
0010593c 00000008 T vramAlloc
00105944 0000005c T vramFree
001059a0 00000024 t addrMapNodeComparator(rbtree_node const*, rbtree_node const*)
001059c4 00000004 t addrMapNodeDestructor(rbtree_node*)
001059c8 00000120 T linearMemAlign
00105ae8 00000008 T linearAlloc
00105af0 0000005c T linearFree
00105b4c 00000084 T MemPool::CoalesceRight(MemBlock*)
00105bd0 00000170 T MemPool::Allocate(MemChunk&, unsigned long, int)
00105d40 000000fc T MemPool::Deallocate(MemChunk const&)
00105e3c 0000000c T __sync_init
00105e48 00000018 T __sync_fini
00105e60 0000002c T syncArbitrateAddress
00105e8c 0000001c T LightLock_Init
00105ea8 00000094 T LightLock_Lock
00105f3c 00000044 T LightLock_TryLock
00105f80 00000040 T LightLock_Unlock
00105fc0 00000024 T RecursiveLock_Init
00105fe4 00000030 T RecursiveLock_Lock
00106014 00000078 T RecursiveLock_TryLock
0010608c 00000054 T RecursiveLock_Unlock
001060e0 00000040 T LightEvent_Init
00106120 000000a4 T LightEvent_Clear
001061c4 000000c8 T LightEvent_Signal
0010628c 00000058 T LightEvent_TryWait
001062e4 000000b0 T LightEvent_Wait
00106394 00000054 T osGetTimeRef
001063e8 000000e4 T osGetTime
001064cc 00000074 T __libctru_gtod
00106540 00000034 T __ctru_speedup_config
00106574 00000124 T srvInit
00106698 00000058 T srvExit
001066f0 00000080 T srvGetServiceHandleDirect
00106770 00000048 T srvGetServiceHandle
001067b8 00000038 T srvPublishToSubscriber
001067f0 00000188 T threadCreate
00106978 0000002c T threadFree
001069a4 00000024 T threadJoin
001069c8 00000030 T threadGetCurrent
001069f8 00000040 T threadExit
00106a38 00000044 t _thread_begin
00106a7c 00000094 t mappableFindAddressWithin
00106b10 00000028 T mappableInit
00106b38 00000080 T mappableAlloc
00106bb8 00000004 T mappableFree
00106bbc 00000160 T irrstInit
00106d1c 000000cc T irrstExit
00106de8 000000b0 T irrstScanInput
00106e98 00000024 T irrstKeysHeld
00106ebc 0000000c T srvPmGetSessionHandle
00106ec8 00000074 T ptmSysmInit
00106f3c 0000003c T ptmSysmExit
00106f78 00000034 T PTMSYSM_ConfigureNew3DSCPU
00106fac 00000010 T rbtree_init
00106fbc 000001a0 t do_insert
0010715c 00000008 T rbtree_insert
00107164 00000090 T rbtree_rotate
001071f4 00000338 T rbtree_remove
0010752c 00000074 T rbtree_find
001075a0 00000030 W __appInit
001075d0 00000030 t __libctru_nanosleep
00107600 00000030 t __libctru_get_reent
00107630 000000f8 T __system_initSyscalls
00107728 000001e0 W __system_allocateHeaps
00107908 00000030 W __appExit
00107938 00000090 W __libctru_exit
001079c8 00000084 W envGetHandle
00107a4c 00000050 W envDestroyHandles
00107a9c 00000014 t archive_link
00107ab0 00000014 t archive_dirreset
00107ac4 00000014 t archive_chmod
00107ad8 00000024 t error_cmp
00107afc 00000050 t archive_translate_error
00107b4c 000000d4 t archive_seek
00107c20 0000007c t _archiveInit.part.0
00107c9c 0000008c t archiveFindDevice.part.0
00107d28 00000294 t archive_utf16path
00107fbc 000000a0 t _archiveUnmountDeviceStruct.part.0
0010805c 00000014 t archive_fchmod
00108070 00000014 t archive_statvfs
00108084 00000158 t _archiveMountDevice
001081dc 000000e8 t archive_diropen
001082c4 000000a4 t archive_fstat
00108368 0000006c t archive_close
001083d4 0000006c t archive_fsync
00108440 00000070 t archive_dirclose
001084b0 000000e8 t sdmc_statvfs
00108598 00000080 t archive_ftruncate
00108618 000000fc t archive_chdir
00108714 000000b0 t archive_read
001087c4 000000ac t archive_unlink
00108870 000000c8 t archive_rmdir
00108938 000000ec t archive_mkdir
00108a24 000001a8 t archive_stat
00108bcc 00000184 t archive_rename
00108d50 00000168 t archive_dirnext
00108eb8 0000012c t archive_write
00108fe4 000001f0 t archive_open
001091d4 000001a4 T archiveMountSdmc
00109378 00000054 T archiveUnmountAll
001093cc 000000c8 T fsInit
00109494 0000003c T fsExit
001094d0 00000060 T fsExemptFromSession
00109530 00000050 T fsUnexemptFromSession
00109580 000000cc T FSUSER_OpenFile
0010964c 000000bc T FSUSER_DeleteFile
00109708 000000f8 T FSUSER_RenameFile
00109800 000000bc T FSUSER_DeleteDirectory
001098bc 000000d4 T FSUSER_CreateFile
00109990 000000c4 T FSUSER_CreateDirectory
00109a54 000000f8 T FSUSER_RenameDirectory
00109b4c 000000b4 T FSUSER_OpenDirectory
00109c00 00000094 T FSUSER_OpenArchive
00109c94 0000008c T FSUSER_CloseArchive
00109d20 00000074 T FSUSER_GetSdmcArchiveResource
00109d94 00000064 T FSUSER_IsSdmcWritable
00109df8 00000058 T FSFILE_Read
00109e50 00000060 T FSFILE_Write
00109eb0 00000038 T FSFILE_GetSize
00109ee8 00000028 T FSFILE_SetSize
00109f10 0000003c T FSFILE_Close
00109f4c 00000024 T FSFILE_Flush
00109f70 00000050 T FSDIR_Read
00109fc0 0000003c T FSDIR_Close
00109ffc 00000050 T rbtree_node_next
0010a04c 000000e8 T utf16_to_utf8
0010a134 00000064 T decode_utf16
0010a198 0000013c T decode_utf8
0010a2d4 000000c0 T utf8_to_utf16
0010a394 T __aeabi_read_tp
0010a3a0 00000060 T encode_utf16
0010a400 000000fc T encode_utf8
0010a4fc 00000120 T __udivmoddi4
0010a61c 00000078 T bsearch
0010a694 0000000c T __errno
0010a6a0 00000034 T exit
0010a6d4 0000003c T __libc_fini_array
0010a710 0000007c T __libc_init_array
0010a78c 00000028 T memalign
0010a7b4 00000150 T _memalign_r
0010a904 00000020 T malloc
0010a924 00000020 T free
0010a944 000007e0 T _malloc_r
0010b124 000000e0 T memchr
0010b204 0000011c T memcpy
0010b320 00000118 T memset
0010b438 0000000c T __malloc_lock
0010b444 0000000c T __malloc_unlock
0010b450 00000034 T printf
0010b484 00000260 T setvbuf
0010b6e4 00000074 T sscanf
0010b758 00000044 T __sread
0010b79c 00000008 T __seofread
0010b7a4 00000068 T __swrite
0010b80c 00000048 T __sseek
0010b854 00000008 T __sclose
0010b85c 0000005c T strlen
0010b8b8 000000ec T strncat
0010b9a4 000000dc T strncmp
0010ba80 000000c0 T strncpy
0010bb40 00000048 T strnlen
0010bb88 00000050 t get_arg
0010bbd8 00002bbc T __ssvfscanf_r
0010e794 00000628 t get_arg
0010edbc 00000030 T __sprint_r
0010edec 0000233c T _vfiprintf_r
00111128 000000d4 t __sbprintf
001111fc 00000628 t get_arg
00111828 00003684 T _vfprintf_r
00114eac 000000d4 t __sbprintf
00114f80 00000054 T _wcrtomb_r
00114fd4 00000028 T _wcsrtombs_r
00114ffc 00000154 T __swsetup_r
00115150 00000114 T __call_exitprocs
00115264 000001ac t quorem
00115410 000012cc T _dtoa_r
001166dc 00000258 T __sflush_r
00116934 00000094 T _fflush_r
001169c8 0000000c T _cleanup_r
001169d4 00000184 T __sinit
00116b58 0000000c T __sfp_lock_acquire
00116b64 0000000c T __sfp_lock_release
00116b70 000000f8 T _malloc_trim_r
00116c68 000002e4 T _free_r
00116f4c 000004c0 T __sfvwrite_r
0011740c 00000070 T _fwalk_reent
0011747c 00000008 T iswspace
00117484 0000000c T _localeconv_r
00117490 00000010 T __locale_mb_cur_max
001174a0 00000138 T __smakebuf_r
001175d8 0000008c T __swhatbuf_r
00117664 00000068 T _mbrtowc_r
001176cc 000002e4 T __utf8_mbtowc
001179b0 00000154 T memmove
00117b04 00000088 T _Balloc
00117b8c 0000001c T _Bfree
00117ba8 000000f4 T __multadd
00117c9c 00000110 T __s2b
00117dac 00000058 T __hi0bits
00117e04 00000094 T __lo0bits
00117e98 000000a4 T __i2b
00117f3c 00000204 T __multiply
00118140 00000120 T __pow5mult
00118260 0000013c T __lshift
0011839c 00000058 T __mcmp
001183f4 000001cc T __mdiff
001185c0 00000074 T __ulp
00118634 000000d0 T __b2d
00118704 00000124 T __d2b
00118828 00000078 T __ratio
001188a0 00000088 T __copybits
00118928 0000005c T __any_on
00118984 00000028 T realloc
001189ac 00000558 T _realloc_r
00118f04 000000e4 T __sccl
00118fe8 0000000c T nanf
00118ff8 000000a8 T frexp
001190a0 00000064 T sprintf
00119104 000000b8 T stpncpy
001191bc 0000012c T strchr
001192e8 00001368 T _strtod_l
0011a650 0000000c T _strtod_r
0011a65c 0000022c t _strtoll_l.constprop.0
0011a888 00000004 T _strtoll_r
0011a88c 000001a4 t _strtol_l.part.0
0011aa30 0000003c T _strtol_r
0011aa6c 00000244 t _strtoull_l.constprop.0
0011acb0 00000004 T _strtoull_r
0011acb4 000001c4 t _strtoul_l.constprop.0
0011ae78 00000004 T _strtoul_r
0011ae7c 00000190 T __ssprint_r
0011b00c 000000e0 T _sungetc_r
0011b0ec 0000006c T __ssrefill_r
0011b158 000000c8 T _sfread_r
0011b220 00000628 t get_arg
0011b848 000035b8 T _svfprintf_r
0011ee00 000000a8 T __submore
0011eea8 00000190 T _wcsnrtombs_l
0011f038 0000004c T _wcsnrtombs_r
0011f084 000000f0 T __utf8_wctomb
0011f174 00000054 T __assert_func
0011f1c8 000000bc T _calloc_r
0011f284 00000160 T _fclose_r
0011f3e4 0000003c T fiprintf
0011f420 000000ec t rshift
0011f50c 00000904 T __gethex
0011fe10 0000004c T __match
0011fe5c 0000029c T __hexnan
001200f8 0000003c T iswspace_l
00120134 000001d4 t __jp2uc
00120308 0000009c T _jp2uc_l
001203a8 00000010 T nan
001203b8 00000014 T abort
001203cc 00000084 T category
00120450 00000098 T _raise_r
001204e8 00000020 T raise
00120508 00000008 t null_write
00120510 00000018 T setDefaultDevice
00120528 000000c8 T FindDevice
001205f0 00000028 T RemoveDevice
00120618 0000009c T AddDevice
001206b4 00000020 T GetDeviceOpTab
001206d4 00000078 T _fstat_r
0012074c 00000014 T _getpid_r
00120760 00000008 T _isatty_r
00120768 00000014 T _kill_r
0012077c 00000084 T _lseek_r
00120800 00000080 T _read_r
00120880 00000078 T _sbrk_r
001208f8 00000080 T _write_r
00120978 00000024 T _exit
0012099c 000001b8 T _concatenate_path
00120b54 00000160 T chdir
00120cb4 00000008 T __flockfile
00120cbc 00000008 T __funlockfile
00120cc4 00000018 T __libc_lock_acquire
00120cdc 00000018 T __libc_lock_release
00120cf4 00000018 T __libc_lock_init_recursive
00120d0c 00000018 T __libc_lock_acquire_recursive
00120d24 00000018 T __libc_lock_release_recursive
00120d3c 00000018 T __libc_lock_close_recursive
00120d54 0000003c T __get_handle
00120d90 000000f4 T _close_r
00120e84 00000028 T __getreent
00120eac 00000038 T __aeabi_d2lz
00120eac 00000038 T __fixdfdi
00120ee8 00000040 T __aeabi_d2ulz
00120ee8 00000040 T __fixunsdfdi
00120f28 00000044 T strrchr
00120f6c T _fini
001210c4 00000030 r colorTable
001210f4 00000070 r dotab_stdout
00121188 00000008 r morton_x.3
00121190 00000008 r morton_y.2
00121198 00000008 r s_sleepWakeEvents.4
001211b8 R default_font_bin
001219b8 R default_font_bin_end
001219f0 00000070 r archive_devoptab
00121a60 00000030 r error_table
00121a98 00000004 R _global_impure_ptr
00121aa4 00000022 r basefix.0
00121af0 00000010 r blanks.1
00121b00 00000010 r zeroes.0
00121b24 00000010 r blanks.1
00121b34 00000010 r zeroes.0
00121b44 00000101 R _ctype_
00121c58 r .LC2
00121d38 00000028 R __mprec_bigtens
00121d60 000000c8 R __mprec_tens
00121e28 0000000c r p05.0
00121e44 00000014 r fpi.1
00121e58 00000014 r fpinan.0
00121e70 00000028 r tinytens
00121e98 0000006c R __action_table
00121f04 00000100 R __chclass
00122004 0000006c R __state_table
00122070 00000010 r blanks.1
00122080 00000010 r zeroes.0
00122118 00000100 R __hexdig
0012222c 000000bc r a1
001222e8 000000bc r a2
001223a4 0000005b r a3
00122400 00000070 r a6
00122470 000000a2 r a7
00122514 00000040 r a8
00122554 0000172a r b02cf
00123c80 00001a7c r d02f4
001256fc 0000000c R _C_numeric_locale
00125708 000031e6 r categories
001288f0 00000070 R dotab_stdnull
00128960 r 
00128960 R __exidx_end
00128960 R __exidx_start
00129000 00000004 D currentConsole
00129004 0000004c D defaultConsole
00129050 00000001 d firstConsoleInit.0
00129054 00000004 d kCount
00129058 00000004 d kDelay
0012905c 00000004 d kInterval
00129060 W __stacksize__
00129064 00000004 D _impure_ptr
00129068 00000460 d impure_data
001294c8 00000408 D __malloc_av_
001298d0 00000004 D __malloc_sbrk_base
001298d4 00000004 D __malloc_trim_threshold
001298d8 0000000c d __malloc_recursive_mutex
001298e4 0000000c D __atexit_recursive_mutex
001298f0 0000000c d __sfp_recursive_mutex
001298fc 0000000c d __sinit_recursive_mutex
00129908 0000016c D __global_locale
00129a74 00000002 d numempty
00129a78 00000004 d defaultDevice
00129a7c 0000008c D devoptab_list
00129b08 00000400 d _current_working_directory
00129f08 00000004 d __hndl_lock
00129f0c 0000000c d __stderr_handle
00129f18 0000000c d __stdin_handle
00129f24 0000000c d __stdout_handle
00129f30 00001000 d handles
0012af38 d _GLOBAL_OFFSET_TABLE_
0012af44 d __frame_dummy_init_array_entry
0012af44 D __init_array_start
0012af44 B __preinit_array_end
0012af44 B __preinit_array_start
0012af44 D __tdata_lma
0012af44 D __tdata_lma_end
0012af48 d __do_global_dtors_aux_fini_array_entry
0012af48 D __fini_array_start
0012af48 D __init_array_end
0012af4c D __bss_start__
0012af4c D __fini_array_end
0012af4c b completed.1
0012af50 b object.0
0012af68 0000004c B currentCopy
0012afb4 00000004 b gfxBottomFramebufferMaxSize
0012afb8 00000008 b gfxBottomFramebuffers
0012afc0 00000002 b gfxCurBuf
0012afc4 00000002 b gfxFramebufferFormats
0012afc8 00000002 b gfxIsDoubleBuf
0012afca 00000001 b gfxIsVram
0012afcc 00000004 b gfxTopFramebufferMaxSize
0012afd0 00000008 b gfxTopFramebuffers
0012afd8 00000001 b gfxTopMode
0012afdc 00000004 b screenAlloc
0012afe0 00000004 b screenFree
0012afe4 00000004 b gspEvent
0012afe8 0000001c b gspEventCb
0012b004 0000001c b gspEventCbData
0012b020 00000007 b gspEventCbOneShot
0012b028 00000004 b gspEventThread
0012b02c 00000038 b gspEvents
0012b064 00000004 b gspGpuHandle
0012b068 00000001 b gspGpuRight
0012b06c 00000004 b gspLastEvent
0012b070 00000004 b gspRefCount
0012b074 00000001 b gspRunEvents
0012b078 00000004 b gspSharedMem
0012b07c 00000004 b gspSharedMemHandle
0012b080 00000001 b gspThreadId
0012b081 00000001 b aptChainloadFlags
0012b082 00000001 b aptChainloadMediatype
0012b088 00000008 b aptChainloadTid
0012b090 00000004 b aptEventHandlerThread
0012b094 00000001 b aptEventHandlerThreadQuit
0012b098 00000008 b aptEvents
0012b0a0 0000000c b aptFirstHook
0012b0ac 00000004 b aptFlags
0012b0b0 00000001 b aptHomeButtonState
0012b0b4 00000004 b aptLockHandle
0012b0b8 00000004 b aptMessageFunc
0012b0bc 00000004 b aptMessageFuncData
0012b0c0 00001000 b aptParameters
0012c0c0 00000008 b aptReceiveEvent
0012c0c8 00000004 b aptRefCount
0012c0cc 00000008 b aptSleepEvent
0012c0d4 00000001 b flagInit.1
0012c0d5 00000001 b flagValue.0
0012c0d8 00000004 b serviceName.6
0012c0dc 00000006 b aVec
0012c0e4 00000004 b cPos
0012c0e8 00000006 b gRate
0012c0f0 00000014 B hidEvents
0012c104 00000004 B hidHandle
0012c108 00000004 B hidMemHandle
0012c10c 00000004 b hidRefCount
0012c110 00000004 B hidSharedMem
0012c114 00000004 b kDown
0012c118 00000004 b kHeld
0012c11c 00000004 b kOld
0012c120 00000004 b kRepeat
0012c124 00000004 b kUp
0012c128 00000004 b tPos
0012c12c 00000001 b usingIrrst
0012c130 00000004 B __system_retAddr
0012c134 00000004 B __system_argc
0012c138 00000004 B __system_argv
0012c13c b saved_stack
0012c144 0000000c b sAddrMap
0012c150 00000008 b sVramPool
0012c158 00000008 b sLinearPool
0012c160 0000000c b sAddrMap
0012c16c 00000004 b arbiter
0012c170 00000001 V __ctru_speedup
0012c174 00000004 b srvHandle
0012c178 00000004 b srvRefCount
0012c17c 00000004 b currentAddr
0012c180 00000004 b maxAddr
0012c184 00000004 b minAddr
0012c188 00000004 b csPos
0012c18c 00000004 B irrstEvent
0012c190 00000004 B irrstHandle
0012c194 00000004 B irrstMemHandle
0012c198 00000004 b irrstRefCount
0012c19c 00000004 B irrstSharedMem
0012c1a0 00000004 b kHeld
0012c1a4 00000004 b srvPmHandle
0012c1a8 00000004 b ptmSysmHandle
0012c1ac 00000004 b ptmSysmRefCount
0012c1b0 00000004 B __ctru_heap
0012c1b4 00000004 V __ctru_heap_size
0012c1b8 00000004 B __ctru_linear_heap
0012c1bc 00000004 V __ctru_linear_heap_size
0012c1c0 00000004 b archive_device_cwd
0012c1c8 00000540 b archive_devices
0012c708 00000001 b archive_initialized
0012c710 00000080 b fsExemptArchives
0012c790 00000004 b fsuHandle
0012c794 00000004 b fsuRefCount
0012c798 00000028 B __malloc_current_mallinfo
0012c7c0 00000004 B __malloc_max_sbrked_mem
0012c7c4 00000004 B __malloc_max_total_mem
0012c7c8 00000004 B __malloc_top_pad
0012c7cc 00000004 b heap_start.0
0012c7d0 00000004 B fake_heap_end
0012c7d4 00000004 B fake_heap_start
0012c7d8 00000400 b temp_cwd
0012cbd8 00000048 B __syscalls
0012cc20 B __tls_start
0012d828 B __bss_end__
0012d828 A __end__
0012d828 B __tls_end
